<?xml version="1.0" encoding="UTF-8"?>
<!-- Generated by org.testng.reporters.JUnitReportReporter -->
<testsuite hostname="Mohammads-MacBook-Pro.local" failures="0" tests="2" name="APITests" time="0.974" errors="0" timestamp="2023-12-21T14:37:00 BDT" skipped="0">
  <testcase classname="APITests" name="test1" time="0.899"/>
  <testcase classname="APITests" name="test2" time="0.075"/>
</testsuite> <!-- APITests -->
